<?xml version="1.0" encoding="UTF-8"?>
<!-- Generated by org.testng.reporters.JUnitReportReporter -->
<testsuite hostname="Neeshal" failures="0" tests="1" name="com.inetbanking.testCases.TC_LoginTest_001" time="6.178" errors="0" timestamp="24 Jul 2018 20:41:38 GMT" skipped="0">
  <testcase classname="com.inetbanking.testCases.TC_LoginTest_001" name="loginTest" time="6.178"/>
</testsuite> <!-- com.inetbanking.testCases.TC_LoginTest_001 -->
